2019-01-28 11:45:19 1445 [main] DEBUG
				o.s.b.c.l.ClasspathLoggingApplicationListener - Application started with classpath: [file:/D:/gp/sourcecode/%e5%b0%8f%e8%b1%a1%e7%b3%bb%e7%bb%9f/code/xxmerchants/trunk/admin_services/sso_server/target/classes/, file:/D:/gp/sourcecode/%e5%b0%8f%e8%b1%a1%e7%b3%bb%e7%bb%9f/code/xxmerchants/trunk/admin_services/admin_common/target/classes/, file:/D:/Users/guopeng1/.m2/repository/org/springframework/boot/spring-boot-starter/2.1.1.RELEASE/spring-boot-starter-2.1.1.RELEASE.jar, file:/D:/Users/guopeng1/.m2/repository/org/springframework/boot/spring-boot/2.1.1.RELEASE/spring-boot-2.1.1.RELEASE.jar, file:/D:/Users/guopeng1/.m2/repository/org/springframework/boot/spring-boot-autoconfigure/2.1.1.RELEASE/spring-boot-autoconfigure-2.1.1.RELEASE.jar, file:/D:/Users/guopeng1/.m2/repository/org/springframework/boot/spring-boot-starter-logging/2.1.1.RELEASE/spring-boot-starter-logging-2.1.1.RELEASE.jar, file:/D:/Users/guopeng1/.m2/repository/ch/qos/logback/logback-classic/1.2.3/logback-classic-1.2.3.jar, file:/D:/Users/guopeng1/.m2/repository/ch/qos/logback/logback-core/1.2.3/logback-core-1.2.3.jar, file:/D:/Users/guopeng1/.m2/repository/org/apache/logging/log4j/log4j-to-slf4j/2.11.1/log4j-to-slf4j-2.11.1.jar, file:/D:/Users/guopeng1/.m2/repository/org/apache/logging/log4j/log4j-api/2.11.1/log4j-api-2.11.1.jar, file:/D:/Users/guopeng1/.m2/repository/org/slf4j/jul-to-slf4j/1.7.25/jul-to-slf4j-1.7.25.jar, file:/D:/Users/guopeng1/.m2/repository/javax/annotation/javax.annotation-api/1.3.2/javax.annotation-api-1.3.2.jar, file:/D:/Users/guopeng1/.m2/repository/org/yaml/snakeyaml/1.23/snakeyaml-1.23.jar, file:/D:/Users/guopeng1/.m2/repository/javax/validation/validation-api/2.0.1.Final/validation-api-2.0.1.Final.jar, file:/D:/Users/guopeng1/.m2/repository/com/alibaba/fastjson/1.2.12/fastjson-1.2.12.jar, file:/D:/Users/guopeng1/.m2/repository/org/apache/commons/commons-lang3/3.8.1/commons-lang3-3.8.1.jar, file:/D:/Users/guopeng1/.m2/repository/commons-codec/commons-codec/1.11/commons-codec-1.11.jar, file:/D:/Users/guopeng1/.m2/repository/commons-httpclient/commons-httpclient/3.1/commons-httpclient-3.1.jar, file:/D:/Users/guopeng1/.m2/repository/commons-logging/commons-logging/1.0.4/commons-logging-1.0.4.jar, file:/D:/Users/guopeng1/.m2/repository/org/mybatis/spring/boot/mybatis-spring-boot-starter/1.3.2/mybatis-spring-boot-starter-1.3.2.jar, file:/D:/Users/guopeng1/.m2/repository/org/mybatis/spring/boot/mybatis-spring-boot-autoconfigure/1.3.2/mybatis-spring-boot-autoconfigure-1.3.2.jar, file:/D:/Users/guopeng1/.m2/repository/org/mybatis/mybatis/3.4.6/mybatis-3.4.6.jar, file:/D:/Users/guopeng1/.m2/repository/org/mybatis/mybatis-spring/1.3.2/mybatis-spring-1.3.2.jar, file:/D:/Users/guopeng1/.m2/repository/org/springframework/boot/spring-boot-starter-thymeleaf/2.1.1.RELEASE/spring-boot-starter-thymeleaf-2.1.1.RELEASE.jar, file:/D:/Users/guopeng1/.m2/repository/org/thymeleaf/thymeleaf-spring5/3.0.11.RELEASE/thymeleaf-spring5-3.0.11.RELEASE.jar, file:/D:/Users/guopeng1/.m2/repository/org/thymeleaf/thymeleaf/3.0.11.RELEASE/thymeleaf-3.0.11.RELEASE.jar, file:/D:/Users/guopeng1/.m2/repository/org/attoparser/attoparser/2.0.5.RELEASE/attoparser-2.0.5.RELEASE.jar, file:/D:/Users/guopeng1/.m2/repository/org/unbescape/unbescape/1.1.6.RELEASE/unbescape-1.1.6.RELEASE.jar, file:/D:/Users/guopeng1/.m2/repository/org/slf4j/slf4j-api/1.7.25/slf4j-api-1.7.25.jar, file:/D:/Users/guopeng1/.m2/repository/org/thymeleaf/extras/thymeleaf-extras-java8time/3.0.2.RELEASE/thymeleaf-extras-java8time-3.0.2.RELEASE.jar, file:/D:/Users/guopeng1/.m2/repository/org/springframework/boot/spring-boot-starter-data-jpa/2.1.1.RELEASE/spring-boot-starter-data-jpa-2.1.1.RELEASE.jar, file:/D:/Users/guopeng1/.m2/repository/javax/transaction/javax.transaction-api/1.3/javax.transaction-api-1.3.jar, file:/D:/Users/guopeng1/.m2/repository/javax/xml/bind/jaxb-api/2.3.1/jaxb-api-2.3.1.jar, file:/D:/Users/guopeng1/.m2/repository/javax/activation/javax.activation-api/1.2.0/javax.activation-api-1.2.0.jar, file:/D:/Users/guopeng1/.m2/repository/org/hibernate/hibernate-core/5.3.7.Final/hibernate-core-5.3.7.Final.jar, file:/D:/Users/guopeng1/.m2/repository/org/jboss/logging/jboss-logging/3.3.2.Final/jboss-logging-3.3.2.Final.jar, file:/D:/Users/guopeng1/.m2/repository/javax/persistence/javax.persistence-api/2.2/javax.persistence-api-2.2.jar, file:/D:/Users/guopeng1/.m2/repository/org/javassist/javassist/3.23.1-GA/javassist-3.23.1-GA.jar, file:/D:/Users/guopeng1/.m2/repository/net/bytebuddy/byte-buddy/1.9.5/byte-buddy-1.9.5.jar, file:/D:/Users/guopeng1/.m2/repository/antlr/antlr/2.7.7/antlr-2.7.7.jar, file:/D:/Users/guopeng1/.m2/repository/org/jboss/jandex/2.0.5.Final/jandex-2.0.5.Final.jar, file:/D:/Users/guopeng1/.m2/repository/com/fasterxml/classmate/1.4.0/classmate-1.4.0.jar, file:/D:/Users/guopeng1/.m2/repository/org/dom4j/dom4j/2.1.1/dom4j-2.1.1.jar, file:/D:/Users/guopeng1/.m2/repository/org/hibernate/common/hibernate-commons-annotations/5.0.4.Final/hibernate-commons-annotations-5.0.4.Final.jar, file:/D:/Users/guopeng1/.m2/repository/org/springframework/data/spring-data-jpa/2.1.3.RELEASE/spring-data-jpa-2.1.3.RELEASE.jar, file:/D:/Users/guopeng1/.m2/repository/org/springframework/data/spring-data-commons/2.1.3.RELEASE/spring-data-commons-2.1.3.RELEASE.jar, file:/D:/Users/guopeng1/.m2/repository/org/springframework/spring-orm/5.1.3.RELEASE/spring-orm-5.1.3.RELEASE.jar, file:/D:/Users/guopeng1/.m2/repository/org/springframework/spring-context/5.1.3.RELEASE/spring-context-5.1.3.RELEASE.jar, file:/D:/Users/guopeng1/.m2/repository/org/springframework/spring-tx/5.1.3.RELEASE/spring-tx-5.1.3.RELEASE.jar, file:/D:/Users/guopeng1/.m2/repository/org/springframework/spring-beans/5.1.3.RELEASE/spring-beans-5.1.3.RELEASE.jar, file:/D:/Users/guopeng1/.m2/repository/org/springframework/spring-aspects/5.1.3.RELEASE/spring-aspects-5.1.3.RELEASE.jar, file:/D:/Users/guopeng1/.m2/repository/mysql/mysql-connector-java/8.0.13/mysql-connector-java-8.0.13.jar, file:/D:/Users/guopeng1/.m2/repository/org/springframework/boot/spring-boot-starter-web/2.1.1.RELEASE/spring-boot-starter-web-2.1.1.RELEASE.jar, file:/D:/Users/guopeng1/.m2/repository/org/springframework/boot/spring-boot-starter-json/2.1.1.RELEASE/spring-boot-starter-json-2.1.1.RELEASE.jar, file:/D:/Users/guopeng1/.m2/repository/com/fasterxml/jackson/core/jackson-databind/2.9.7/jackson-databind-2.9.7.jar, file:/D:/Users/guopeng1/.m2/repository/com/fasterxml/jackson/datatype/jackson-datatype-jdk8/2.9.7/jackson-datatype-jdk8-2.9.7.jar, file:/D:/Users/guopeng1/.m2/repository/com/fasterxml/jackson/datatype/jackson-datatype-jsr310/2.9.7/jackson-datatype-jsr310-2.9.7.jar, file:/D:/Users/guopeng1/.m2/repository/com/fasterxml/jackson/module/jackson-module-parameter-names/2.9.7/jackson-module-parameter-names-2.9.7.jar, file:/D:/Users/guopeng1/.m2/repository/org/springframework/boot/spring-boot-starter-tomcat/2.1.1.RELEASE/spring-boot-starter-tomcat-2.1.1.RELEASE.jar, file:/D:/Users/guopeng1/.m2/repository/org/apache/tomcat/embed/tomcat-embed-core/9.0.13/tomcat-embed-core-9.0.13.jar, file:/D:/Users/guopeng1/.m2/repository/org/apache/tomcat/embed/tomcat-embed-el/9.0.13/tomcat-embed-el-9.0.13.jar, file:/D:/Users/guopeng1/.m2/repository/org/apache/tomcat/embed/tomcat-embed-websocket/9.0.13/tomcat-embed-websocket-9.0.13.jar, file:/D:/Users/guopeng1/.m2/repository/org/hibernate/validator/hibernate-validator/6.0.13.Final/hibernate-validator-6.0.13.Final.jar, file:/D:/Users/guopeng1/.m2/repository/org/springframework/spring-web/5.1.3.RELEASE/spring-web-5.1.3.RELEASE.jar, file:/D:/Users/guopeng1/.m2/repository/org/springframework/spring-webmvc/5.1.3.RELEASE/spring-webmvc-5.1.3.RELEASE.jar, file:/D:/Users/guopeng1/.m2/repository/org/springframework/spring-expression/5.1.3.RELEASE/spring-expression-5.1.3.RELEASE.jar, file:/D:/Users/guopeng1/.m2/repository/org/springframework/boot/spring-boot-starter-jdbc/2.1.1.RELEASE/spring-boot-starter-jdbc-2.1.1.RELEASE.jar, file:/D:/Users/guopeng1/.m2/repository/com/zaxxer/HikariCP/3.2.0/HikariCP-3.2.0.jar, file:/D:/Users/guopeng1/.m2/repository/org/springframework/spring-jdbc/5.1.3.RELEASE/spring-jdbc-5.1.3.RELEASE.jar, file:/D:/Users/guopeng1/.m2/repository/org/springframework/boot/spring-boot-starter-aop/2.1.1.RELEASE/spring-boot-starter-aop-2.1.1.RELEASE.jar, file:/D:/Users/guopeng1/.m2/repository/org/springframework/spring-aop/5.1.3.RELEASE/spring-aop-5.1.3.RELEASE.jar, file:/D:/Users/guopeng1/.m2/repository/org/aspectj/aspectjweaver/1.9.2/aspectjweaver-1.9.2.jar, file:/D:/Users/guopeng1/.m2/repository/com/alibaba/druid/1.1.0/druid-1.1.0.jar, file:/C:/Program%20Files/Java/jdk1.8.0_131/lib/jconsole.jar, file:/C:/Program%20Files/Java/jdk1.8.0_131/lib/tools.jar, file:/D:/Users/guopeng1/.m2/repository/org/springframework/cloud/spring-cloud-starter-netflix-eureka-client/2.1.0.M3/spring-cloud-starter-netflix-eureka-client-2.1.0.M3.jar, file:/D:/Users/guopeng1/.m2/repository/org/springframework/cloud/spring-cloud-starter/2.1.0.M2/spring-cloud-starter-2.1.0.M2.jar, file:/D:/Users/guopeng1/.m2/repository/org/springframework/cloud/spring-cloud-context/2.1.0.M2/spring-cloud-context-2.1.0.M2.jar, file:/D:/Users/guopeng1/.m2/repository/org/springframework/security/spring-security-rsa/1.0.7.RELEASE/spring-security-rsa-1.0.7.RELEASE.jar, file:/D:/Users/guopeng1/.m2/repository/org/bouncycastle/bcpkix-jdk15on/1.60/bcpkix-jdk15on-1.60.jar, file:/D:/Users/guopeng1/.m2/repository/org/bouncycastle/bcprov-jdk15on/1.60/bcprov-jdk15on-1.60.jar, file:/D:/Users/guopeng1/.m2/repository/org/springframework/cloud/spring-cloud-netflix-hystrix/2.1.0.M3/spring-cloud-netflix-hystrix-2.1.0.M3.jar, file:/D:/Users/guopeng1/.m2/repository/org/springframework/cloud/spring-cloud-netflix-eureka-client/2.1.0.M3/spring-cloud-netflix-eureka-client-2.1.0.M3.jar, file:/D:/Users/guopeng1/.m2/repository/com/netflix/eureka/eureka-client/1.9.8/eureka-client-1.9.8.jar, file:/D:/Users/guopeng1/.m2/repository/org/codehaus/jettison/jettison/1.3.7/jettison-1.3.7.jar, file:/D:/Users/guopeng1/.m2/repository/stax/stax-api/1.0.1/stax-api-1.0.1.jar, file:/D:/Users/guopeng1/.m2/repository/com/netflix/netflix-commons/netflix-eventbus/0.3.0/netflix-eventbus-0.3.0.jar, file:/D:/Users/guopeng1/.m2/repository/com/netflix/netflix-commons/netflix-infix/0.3.0/netflix-infix-0.3.0.jar, file:/D:/Users/guopeng1/.m2/repository/commons-jxpath/commons-jxpath/1.3/commons-jxpath-1.3.jar, file:/D:/Users/guopeng1/.m2/repository/joda-time/joda-time/2.10.1/joda-time-2.10.1.jar, file:/D:/Users/guopeng1/.m2/repository/org/antlr/antlr-runtime/3.4/antlr-runtime-3.4.jar, file:/D:/Users/guopeng1/.m2/repository/org/antlr/stringtemplate/3.2.1/stringtemplate-3.2.1.jar, file:/D:/Users/guopeng1/.m2/repository/com/google/code/gson/gson/2.8.5/gson-2.8.5.jar, file:/D:/Users/guopeng1/.m2/repository/org/apache/commons/commons-math/2.2/commons-math-2.2.jar, file:/D:/Users/guopeng1/.m2/repository/com/netflix/archaius/archaius-core/0.7.6/archaius-core-0.7.6.jar, file:/D:/Users/guopeng1/.m2/repository/com/google/guava/guava/16.0/guava-16.0.jar, file:/D:/Users/guopeng1/.m2/repository/javax/ws/rs/jsr311-api/1.1.1/jsr311-api-1.1.1.jar, file:/D:/Users/guopeng1/.m2/repository/com/netflix/servo/servo-core/0.12.21/servo-core-0.12.21.jar, file:/D:/Users/guopeng1/.m2/repository/com/sun/jersey/jersey-core/1.19.1/jersey-core-1.19.1.jar, file:/D:/Users/guopeng1/.m2/repository/com/sun/jersey/jersey-client/1.19.1/jersey-client-1.19.1.jar, file:/D:/Users/guopeng1/.m2/repository/com/sun/jersey/contribs/jersey-apache-client4/1.19.1/jersey-apache-client4-1.19.1.jar, file:/D:/Users/guopeng1/.m2/repository/org/apache/httpcomponents/httpclient/4.5.6/httpclient-4.5.6.jar, file:/D:/Users/guopeng1/.m2/repository/org/apache/httpcomponents/httpcore/4.4.10/httpcore-4.4.10.jar, file:/D:/Users/guopeng1/.m2/repository/com/google/inject/guice/4.1.0/guice-4.1.0.jar, file:/D:/Users/guopeng1/.m2/repository/javax/inject/javax.inject/1/javax.inject-1.jar, file:/D:/Users/guopeng1/.m2/repository/aopalliance/aopalliance/1.0/aopalliance-1.0.jar, file:/D:/Users/guopeng1/.m2/repository/com/github/vlsi/compactmap/compactmap/1.2.1/compactmap-1.2.1.jar, file:/D:/Users/guopeng1/.m2/repository/com/github/andrewoma/dexx/dexx-collections/0.2/dexx-collections-0.2.jar, file:/D:/Users/guopeng1/.m2/repository/com/fasterxml/jackson/core/jackson-annotations/2.9.0/jackson-annotations-2.9.0.jar, file:/D:/Users/guopeng1/.m2/repository/com/fasterxml/jackson/core/jackson-core/2.9.7/jackson-core-2.9.7.jar, file:/D:/Users/guopeng1/.m2/repository/com/netflix/eureka/eureka-core/1.9.8/eureka-core-1.9.8.jar, file:/D:/Users/guopeng1/.m2/repository/org/codehaus/woodstox/woodstox-core-asl/4.4.1/woodstox-core-asl-4.4.1.jar, file:/D:/Users/guopeng1/.m2/repository/javax/xml/stream/stax-api/1.0-2/stax-api-1.0-2.jar, file:/D:/Users/guopeng1/.m2/repository/org/codehaus/woodstox/stax2-api/3.1.4/stax2-api-3.1.4.jar, file:/D:/Users/guopeng1/.m2/repository/org/springframework/cloud/spring-cloud-starter-netflix-archaius/2.1.0.M3/spring-cloud-starter-netflix-archaius-2.1.0.M3.jar, file:/D:/Users/guopeng1/.m2/repository/org/springframework/cloud/spring-cloud-netflix-ribbon/2.1.0.M3/spring-cloud-netflix-ribbon-2.1.0.M3.jar, file:/D:/Users/guopeng1/.m2/repository/org/springframework/cloud/spring-cloud-netflix-archaius/2.1.0.M3/spring-cloud-netflix-archaius-2.1.0.M3.jar, file:/D:/Users/guopeng1/.m2/repository/commons-configuration/commons-configuration/1.8/commons-configuration-1.8.jar, file:/D:/Users/guopeng1/.m2/repository/commons-lang/commons-lang/2.6/commons-lang-2.6.jar, file:/D:/Users/guopeng1/.m2/repository/org/springframework/cloud/spring-cloud-starter-netflix-ribbon/2.1.0.M3/spring-cloud-starter-netflix-ribbon-2.1.0.M3.jar, file:/D:/Users/guopeng1/.m2/repository/com/netflix/ribbon/ribbon/2.3.0/ribbon-2.3.0.jar, file:/D:/Users/guopeng1/.m2/repository/com/netflix/ribbon/ribbon-transport/2.3.0/ribbon-transport-2.3.0.jar, file:/D:/Users/guopeng1/.m2/repository/io/reactivex/rxnetty-contexts/0.4.9/rxnetty-contexts-0.4.9.jar, file:/D:/Users/guopeng1/.m2/repository/io/reactivex/rxnetty-servo/0.4.9/rxnetty-servo-0.4.9.jar, file:/D:/Users/guopeng1/.m2/repository/io/reactivex/rxnetty/0.4.9/rxnetty-0.4.9.jar, file:/D:/Users/guopeng1/.m2/repository/com/netflix/ribbon/ribbon-core/2.3.0/ribbon-core-2.3.0.jar, file:/D:/Users/guopeng1/.m2/repository/com/netflix/ribbon/ribbon-httpclient/2.3.0/ribbon-httpclient-2.3.0.jar, file:/D:/Users/guopeng1/.m2/repository/commons-collections/commons-collections/3.2.2/commons-collections-3.2.2.jar, file:/D:/Users/guopeng1/.m2/repository/com/netflix/netflix-commons/netflix-commons-util/0.3.0/netflix-commons-util-0.3.0.jar, file:/D:/Users/guopeng1/.m2/repository/com/netflix/ribbon/ribbon-loadbalancer/2.3.0/ribbon-loadbalancer-2.3.0.jar, file:/D:/Users/guopeng1/.m2/repository/com/netflix/netflix-commons/netflix-statistics/0.1.1/netflix-statistics-0.1.1.jar, file:/D:/Users/guopeng1/.m2/repository/io/reactivex/rxjava/1.3.8/rxjava-1.3.8.jar, file:/D:/Users/guopeng1/.m2/repository/com/netflix/ribbon/ribbon-eureka/2.3.0/ribbon-eureka-2.3.0.jar, file:/D:/Users/guopeng1/.m2/repository/com/thoughtworks/xstream/xstream/1.4.10/xstream-1.4.10.jar, file:/D:/Users/guopeng1/.m2/repository/xmlpull/xmlpull/1.1.3.1/xmlpull-1.1.3.1.jar, file:/D:/Users/guopeng1/.m2/repository/xpp3/xpp3_min/1.1.4c/xpp3_min-1.1.4c.jar, file:/D:/Users/guopeng1/.m2/repository/org/springframework/cloud/spring-cloud-starter-openfeign/2.1.0.M2/spring-cloud-starter-openfeign-2.1.0.M2.jar, file:/D:/Users/guopeng1/.m2/repository/org/springframework/cloud/spring-cloud-openfeign-core/2.1.0.M2/spring-cloud-openfeign-core-2.1.0.M2.jar, file:/D:/Users/guopeng1/.m2/repository/io/github/openfeign/form/feign-form-spring/3.3.0/feign-form-spring-3.3.0.jar, file:/D:/Users/guopeng1/.m2/repository/io/github/openfeign/form/feign-form/3.3.0/feign-form-3.3.0.jar, file:/D:/Users/guopeng1/.m2/repository/com/google/code/findbugs/annotations/3.0.1/annotations-3.0.1.jar, file:/D:/Users/guopeng1/.m2/repository/net/jcip/jcip-annotations/1.0/jcip-annotations-1.0.jar, file:/D:/Users/guopeng1/.m2/repository/com/google/code/findbugs/jsr305/3.0.1/jsr305-3.0.1.jar, file:/D:/Users/guopeng1/.m2/repository/commons-fileupload/commons-fileupload/1.3.3/commons-fileupload-1.3.3.jar, file:/D:/Users/guopeng1/.m2/repository/commons-io/commons-io/2.2/commons-io-2.2.jar, file:/D:/Users/guopeng1/.m2/repository/org/springframework/cloud/spring-cloud-commons/2.1.0.M2/spring-cloud-commons-2.1.0.M2.jar, file:/D:/Users/guopeng1/.m2/repository/org/springframework/security/spring-security-crypto/5.1.2.RELEASE/spring-security-crypto-5.1.2.RELEASE.jar, file:/D:/Users/guopeng1/.m2/repository/io/github/openfeign/feign-core/9.7.0/feign-core-9.7.0.jar, file:/D:/Users/guopeng1/.m2/repository/io/github/openfeign/feign-slf4j/9.7.0/feign-slf4j-9.7.0.jar, file:/D:/Users/guopeng1/.m2/repository/io/github/openfeign/feign-hystrix/9.7.0/feign-hystrix-9.7.0.jar, file:/D:/Users/guopeng1/.m2/repository/com/netflix/hystrix/hystrix-core/1.5.12/hystrix-core-1.5.12.jar, file:/D:/Users/guopeng1/.m2/repository/org/hdrhistogram/HdrHistogram/2.1.9/HdrHistogram-2.1.9.jar, file:/D:/Users/guopeng1/.m2/repository/io/github/openfeign/feign-java8/9.7.0/feign-java8-9.7.0.jar, file:/D:/Users/guopeng1/.m2/repository/org/springframework/spring-core/5.1.3.RELEASE/spring-core-5.1.3.RELEASE.jar, file:/D:/Users/guopeng1/.m2/repository/org/springframework/spring-jcl/5.1.3.RELEASE/spring-jcl-5.1.3.RELEASE.jar]
2019-01-28 11:45:19 1842 [main] DEBUG
				o.s.boot.SpringApplication - Loading source class org.springframework.cloud.bootstrap.config.PropertySourceBootstrapConfiguration,class org.springframework.cloud.bootstrap.encrypt.EncryptionBootstrapConfiguration,class org.springframework.cloud.autoconfigure.ConfigurationPropertiesRebinderAutoConfiguration,class org.springframework.boot.autoconfigure.context.PropertyPlaceholderAutoConfiguration
2019-01-28 11:45:19 1905 [main] DEBUG
				o.s.c.a.AnnotationConfigApplicationContext - Refreshing org.springframework.context.annotation.AnnotationConfigApplicationContext@e4487af
2019-01-28 11:45:19 1924 [main] DEBUG
				o.s.b.f.s.DefaultListableBeanFactory - Creating shared instance of singleton bean 'org.springframework.context.annotation.internalConfigurationAnnotationProcessor'
2019-01-28 11:45:19 1952 [main] DEBUG
				o.s.b.f.s.DefaultListableBeanFactory - Creating shared instance of singleton bean 'org.springframework.boot.autoconfigure.internalCachingMetadataReaderFactory'
2019-01-28 11:45:19 2018 [main] DEBUG
				o.s.b.f.s.DefaultListableBeanFactory - Creating shared instance of singleton bean 'org.springframework.boot.autoconfigure.condition.BeanTypeRegistry'
2019-01-28 11:45:19 2103 [main] DEBUG
				o.s.b.f.s.DefaultListableBeanFactory - Creating shared instance of singleton bean 'propertySourcesPlaceholderConfigurer'
2019-01-28 11:45:19 2107 [main] DEBUG
				o.s.b.f.s.DefaultListableBeanFactory - Creating shared instance of singleton bean 'org.springframework.context.event.internalEventListenerProcessor'
2019-01-28 11:45:19 2108 [main] DEBUG
				o.s.b.f.s.DefaultListableBeanFactory - Creating shared instance of singleton bean 'org.springframework.boot.context.properties.ConfigurationBeanFactoryMetadata'
2019-01-28 11:45:19 2108 [main] DEBUG
				o.s.b.f.s.DefaultListableBeanFactory - Creating shared instance of singleton bean 'org.springframework.context.event.internalEventListenerFactory'
2019-01-28 11:45:19 2110 [main] DEBUG
				o.s.b.f.s.DefaultListableBeanFactory - Creating shared instance of singleton bean 'org.springframework.context.annotation.internalAutowiredAnnotationProcessor'
2019-01-28 11:45:19 2111 [main] DEBUG
				o.s.b.f.s.DefaultListableBeanFactory - Creating shared instance of singleton bean 'org.springframework.context.annotation.internalCommonAnnotationProcessor'
2019-01-28 11:45:19 2112 [main] DEBUG
				o.s.b.f.s.DefaultListableBeanFactory - Creating shared instance of singleton bean 'org.springframework.context.annotation.internalPersistenceAnnotationProcessor'
2019-01-28 11:45:19 2113 [main] DEBUG
				o.s.b.f.s.DefaultListableBeanFactory - Creating shared instance of singleton bean 'org.springframework.boot.context.properties.ConfigurationPropertiesBindingPostProcessor'
2019-01-28 11:45:19 2114 [main] DEBUG
				o.s.b.f.s.DefaultListableBeanFactory - Creating shared instance of singleton bean 'configurationPropertiesBeans'
2019-01-28 11:45:19 2114 [main] DEBUG
				o.s.b.f.s.DefaultListableBeanFactory - Creating shared instance of singleton bean 'configurationPropertiesRebinderAutoConfiguration'
2019-01-28 11:45:20 2172 [main] DEBUG
				o.s.b.f.s.DefaultListableBeanFactory - Creating shared instance of singleton bean 'propertySourceBootstrapConfiguration'
2019-01-28 11:45:20 2177 [main] DEBUG
				o.s.b.f.s.DefaultListableBeanFactory - Creating shared instance of singleton bean 'encryptionBootstrapConfiguration'
2019-01-28 11:45:20 2178 [main] DEBUG
				o.s.b.f.s.DefaultListableBeanFactory - Creating shared instance of singleton bean 'encrypt-org.springframework.cloud.bootstrap.encrypt.KeyProperties'
2019-01-28 11:45:20 2204 [main] DEBUG
				o.s.b.f.s.DefaultListableBeanFactory - Creating shared instance of singleton bean 'propertyPlaceholderAutoConfiguration'
2019-01-28 11:45:20 2205 [main] DEBUG
				o.s.b.f.s.DefaultListableBeanFactory - Creating shared instance of singleton bean 'spring.cloud.config-org.springframework.cloud.bootstrap.config.PropertySourceBootstrapProperties'
2019-01-28 11:45:20 2206 [main] DEBUG
				o.s.b.f.s.DefaultListableBeanFactory - Creating shared instance of singleton bean 'environmentDecryptApplicationListener'
2019-01-28 11:45:20 2209 [main] DEBUG
				o.s.b.f.s.DefaultListableBeanFactory - Creating shared instance of singleton bean 'configurationPropertiesRebinder'
2019-01-28 11:45:20 2210 [main] DEBUG
				o.s.b.f.s.DefaultListableBeanFactory - Autowiring by type from bean name 'configurationPropertiesRebinder' via factory method to bean named 'configurationPropertiesBeans'
2019-01-28 11:45:20 2243 [main] DEBUG
				o.s.b.a.l.ConditionEvaluationReportLoggingListener - 


============================
CONDITIONS EVALUATION REPORT
============================


Positive matches:
-----------------

   ConfigurationPropertiesRebinderAutoConfiguration matched:
      - @ConditionalOnBean (types: org.springframework.boot.context.properties.ConfigurationPropertiesBindingPostProcessor; SearchStrategy: all) found bean 'org.springframework.boot.context.properties.ConfigurationPropertiesBindingPostProcessor' (OnBeanCondition)

   ConfigurationPropertiesRebinderAutoConfiguration#configurationPropertiesBeans matched:
      - @ConditionalOnMissingBean (types: org.springframework.cloud.context.properties.ConfigurationPropertiesBeans; SearchStrategy: current) did not find any beans (OnBeanCondition)

   ConfigurationPropertiesRebinderAutoConfiguration#configurationPropertiesRebinder matched:
      - @ConditionalOnMissingBean (types: org.springframework.cloud.context.properties.ConfigurationPropertiesRebinder; SearchStrategy: current) did not find any beans (OnBeanCondition)

   EncryptionBootstrapConfiguration matched:
      - @ConditionalOnClass found required class 'org.springframework.security.crypto.encrypt.TextEncryptor' (OnClassCondition)

   PropertyPlaceholderAutoConfiguration#propertySourcesPlaceholderConfigurer matched:
      - @ConditionalOnMissingBean (types: org.springframework.context.support.PropertySourcesPlaceholderConfigurer; SearchStrategy: current) did not find any beans (OnBeanCondition)


Negative matches:
-----------------

   EncryptionBootstrapConfiguration.RsaEncryptionConfiguration:
      Did not match:
         - Keystore nor key found in Environment (EncryptionBootstrapConfiguration.KeyCondition)
      Matched:
         - @ConditionalOnClass found required class 'org.springframework.security.rsa.crypto.RsaSecretEncryptor' (OnClassCondition)

   EncryptionBootstrapConfiguration.VanillaEncryptionConfiguration:
      Did not match:
         - @ConditionalOnMissingClass found unwanted class 'org.springframework.security.rsa.crypto.RsaSecretEncryptor' (OnClassCondition)


Exclusions:
-----------

    None


Unconditional classes:
----------------------

    None



2019-01-28 11:45:20 2263 [main] DEBUG
				o.s.c.e.PropertySourcesPropertyResolver - Found key 'spring.liveBeansView.mbeanDomain' in PropertySource 'systemProperties' with value of type String
